Using pre-set license
Built from '2020.2/release' branch; Version is '2020.2.2f1 (068178b99f32) revision 426360'; Using compiler version '192528614'; Build Type 'Release'
OS: 'Windows 10 Pro; OS build 19042.1052; Version 2009; 64bit' Language: 'en' Physical Memory: 16318 MB
BatchMode: 1, IsHumanControllingUs: 0, StartBugReporterOnCrash: 0, Is64bit: 1, IsPro: 0

 COMMAND LINE ARGUMENTS:
D:\Unity\2020.2.2f1\Editor\Unity.exe
-adb2
-batchMode
-noUpm
-name
AssetImportWorker0
-projectPath
D:/GITHUB/DoodleJump2D
-logFile
Logs/AssetImportWorker0.log
-srvPort
58387
Successfully changed project path to: D:/GITHUB/DoodleJump2D
D:/GITHUB/DoodleJump2D
Using Asset Import Pipeline V2.
Refreshing native plugins compatible for Editor in 27.17 ms, found 1 plugins.
Preloading 0 native plugins for Editor in 0.00 ms.
Initialize engine version: 2020.2.2f1 (068178b99f32)
[Subsystems] Discovering subsystems at path D:/Unity/2020.2.2f1/Editor/Data/Resources/UnitySubsystems
[Subsystems] Discovering subsystems at path D:/GITHUB/DoodleJump2D/Assets
GfxDevice: creating device client; threaded=0
Direct3D:
    Version:  Direct3D 11.0 [level 11.1]
    Renderer: NVIDIA GeForce GTX 1050 Ti (ID=0x1c82)
    Vendor:   
    VRAM:     4018 MB
    Driver:   27.21.14.5751
Initialize mono
Mono path[0] = 'D:/Unity/2020.2.2f1/Editor/Data/Managed'
Mono path[1] = 'D:/Unity/2020.2.2f1/Editor/Data/MonoBleedingEdge/lib/mono/unityjit'
Mono config path = 'D:/Unity/2020.2.2f1/Editor/Data/MonoBleedingEdge/etc'
Using monoOptions --debugger-agent=transport=dt_socket,embedding=1,server=y,suspend=n,address=127.0.0.1:56064
Begin MonoManager ReloadAssembly
Registering precompiled unity dll's ...
Register platform support module: D:/Unity/2020.2.2f1/Editor/Data/PlaybackEngines/WindowsStandaloneSupport/UnityEditor.WindowsStandalone.Extensions.dll
Registered in 0.000716 seconds.
Native extension for WindowsStandalone target not found
Refreshing native plugins compatible for Editor in 27.38 ms, found 1 plugins.
Preloading 0 native plugins for Editor in 0.00 ms.
Invoked RoslynAnalysisRunner static constructor.
RoslynAnalysisRunner will not be running.
RoslynAnalysisRunner has terminated.
Mono: successfully reloaded assembly
- Completed reload, in  0.654 seconds
Platform modules already initialized, skipping
Registering precompiled user dll's ...
Registered in 0.000463 seconds.
Begin MonoManager ReloadAssembly
Native extension for WindowsStandalone target not found
Refreshing native plugins compatible for Editor in 27.83 ms, found 1 plugins.
Preloading 0 native plugins for Editor in 0.00 ms.
Invoked RoslynAnalysisRunner static constructor.
RoslynAnalysisRunner will not be running.
RoslynAnalysisRunner has terminated.
Mono: successfully reloaded assembly
- Completed reload, in  0.682 seconds
Platform modules already initialized, skipping
========================================================================
Worker process is ready to serve import requests
Launched and connected shader compiler UnityShaderCompiler.exe after 0.04 seconds
Refreshing native plugins compatible for Editor in 0.28 ms, found 1 plugins.
Preloading 0 native plugins for Editor in 0.00 ms.
Unloading 1792 Unused Serialized files (Serialized files now loaded: 0)
System memory in use before: 84.2 MB.
System memory in use after: 84.1 MB.

Unloading 24 unused Assets to reduce memory usage. Loaded Objects now: 2234.
Total: 1.697100 ms (FindLiveObjects: 0.154800 ms CreateObjectMapping: 0.049800 ms MarkObjects: 1.395700 ms  DeleteObjects: 0.096100 ms)

========================================================================
Received Import Request.
  path: Assets/Scenes/background-4181545_1280.jpg
  artifactKey: Guid(7bfb694325752fb41aa6088ec64edb3b) Importer(815301076,1909f56bfc062723c751e8b465ee728b)
Start importing Assets/Scenes/background-4181545_1280.jpg using Guid(7bfb694325752fb41aa6088ec64edb3b) Importer(815301076,1909f56bfc062723c751e8b465ee728b)  -> (artifact id: 'cca9678f2da1068e28ae46f532da627d') in 0.127553 seconds
  Import took 0.129873 seconds .

========================================================================
Received Import Request.
  Time since last request: 48.341656 seconds.
  path: Assets/Scripts/Platform.cs
  artifactKey: Guid(e11aa85bd85baf249b7fb2110711a224) Importer(815301076,1909f56bfc062723c751e8b465ee728b)
Start importing Assets/Scripts/Platform.cs using Guid(e11aa85bd85baf249b7fb2110711a224) Importer(815301076,1909f56bfc062723c751e8b465ee728b)  -> (artifact id: '0cd764d4085f63df6deaa3a2c405d9ae') in 0.066732 seconds
  Import took 0.069649 seconds .

========================================================================
Received Prepare
Registering precompiled user dll's ...
Registered in 0.000469 seconds.
Begin MonoManager ReloadAssembly
Native extension for WindowsStandalone target not found
Refreshing native plugins compatible for Editor in 0.29 ms, found 1 plugins.
Preloading 0 native plugins for Editor in 0.00 ms.
Invoked RoslynAnalysisRunner static constructor.
RoslynAnalysisRunner will not be running.
RoslynAnalysisRunner has terminated.
Mono: successfully reloaded assembly
- Completed reload, in  0.611 seconds
Platform modules already initialized, skipping
Refreshing native plugins compatible for Editor in 0.28 ms, found 1 plugins.
Preloading 0 native plugins for Editor in 0.00 ms.
Unloading 1788 Unused Serialized files (Serialized files now loaded: 0)
System memory in use before: 87.3 MB.
System memory in use after: 87.3 MB.

Unloading 12 unused Assets to reduce memory usage. Loaded Objects now: 2244.
Total: 1.671500 ms (FindLiveObjects: 0.180400 ms CreateObjectMapping: 0.051100 ms MarkObjects: 1.364200 ms  DeleteObjects: 0.074900 ms)

========================================================================
Received Prepare
Registering precompiled user dll's ...
Registered in 0.000513 seconds.
Begin MonoManager ReloadAssembly
Native extension for WindowsStandalone target not found
Refreshing native plugins compatible for Editor in 0.30 ms, found 1 plugins.
Preloading 0 native plugins for Editor in 0.00 ms.
Invoked RoslynAnalysisRunner static constructor.
RoslynAnalysisRunner will not be running.
RoslynAnalysisRunner has terminated.
Mono: successfully reloaded assembly
- Completed reload, in  0.653 seconds
Platform modules already initialized, skipping
Refreshing native plugins compatible for Editor in 0.30 ms, found 1 plugins.
Preloading 0 native plugins for Editor in 0.00 ms.
Unloading 1788 Unused Serialized files (Serialized files now loaded: 0)
System memory in use before: 87.4 MB.
System memory in use after: 87.4 MB.

Unloading 12 unused Assets to reduce memory usage. Loaded Objects now: 2247.
Total: 1.697400 ms (FindLiveObjects: 0.168100 ms CreateObjectMapping: 0.061800 ms MarkObjects: 1.384300 ms  DeleteObjects: 0.082400 ms)

========================================================================
Received Import Request.
  Time since last request: 133.828674 seconds.
  path: Assets/Scripts/Platform.cs
  artifactKey: Guid(e11aa85bd85baf249b7fb2110711a224) Importer(815301076,1909f56bfc062723c751e8b465ee728b)
Start importing Assets/Scripts/Platform.cs using Guid(e11aa85bd85baf249b7fb2110711a224) Importer(815301076,1909f56bfc062723c751e8b465ee728b)  -> (artifact id: '83dfb654f816bb4d0df83c3f5402ad8d') in 0.003364 seconds
  Import took 0.007694 seconds .

========================================================================
Received Import Request.
  Time since last request: 86.670396 seconds.
  path: Assets/Scripts/Platform.cs
  artifactKey: Guid(e11aa85bd85baf249b7fb2110711a224) Importer(815301076,1909f56bfc062723c751e8b465ee728b)
Start importing Assets/Scripts/Platform.cs using Guid(e11aa85bd85baf249b7fb2110711a224) Importer(815301076,1909f56bfc062723c751e8b465ee728b)  -> (artifact id: '5fbc9360311c34d53a07d8eb84045b1e') in 0.001324 seconds
  Import took 0.006617 seconds .

========================================================================
Received Import Request.
  Time since last request: 0.001543 seconds.
  path: Assets/Scripts/Platform.cs
  artifactKey: Guid(e11aa85bd85baf249b7fb2110711a224) Importer(815301076,1909f56bfc062723c751e8b465ee728b)
Start importing Assets/Scripts/Platform.cs using Guid(e11aa85bd85baf249b7fb2110711a224) Importer(815301076,1909f56bfc062723c751e8b465ee728b)  -> (artifact id: '5fbc9360311c34d53a07d8eb84045b1e') in 0.001226 seconds
  Import took 0.003989 seconds .

========================================================================
Received Prepare
Registering precompiled user dll's ...
Registered in 0.000560 seconds.
Begin MonoManager ReloadAssembly
Native extension for WindowsStandalone target not found
Refreshing native plugins compatible for Editor in 0.30 ms, found 1 plugins.
Preloading 0 native plugins for Editor in 0.00 ms.
Invoked RoslynAnalysisRunner static constructor.
RoslynAnalysisRunner will not be running.
RoslynAnalysisRunner has terminated.
Mono: successfully reloaded assembly
- Completed reload, in  0.627 seconds
Platform modules already initialized, skipping
Refreshing native plugins compatible for Editor in 0.28 ms, found 1 plugins.
Preloading 0 native plugins for Editor in 0.00 ms.
Unloading 1788 Unused Serialized files (Serialized files now loaded: 0)
System memory in use before: 87.5 MB.
System memory in use after: 87.5 MB.

Unloading 12 unused Assets to reduce memory usage. Loaded Objects now: 2250.
Total: 1.625400 ms (FindLiveObjects: 0.153200 ms CreateObjectMapping: 0.052800 ms MarkObjects: 1.335500 ms  DeleteObjects: 0.083200 ms)

AssetImportWorkerClient::OnTransportError - code=2 error=End of file
