Using pre-set license
Built from '2020.2/release' branch; Version is '2020.2.2f1 (068178b99f32) revision 426360'; Using compiler version '192528614'; Build Type 'Release'
OS: 'Windows 10 Pro; OS build 19042.1052; Version 2009; 64bit' Language: 'en' Physical Memory: 16318 MB
BatchMode: 1, IsHumanControllingUs: 0, StartBugReporterOnCrash: 0, Is64bit: 1, IsPro: 0

 COMMAND LINE ARGUMENTS:
D:\Unity\2020.2.2f1\Editor\Unity.exe
-adb2
-batchMode
-noUpm
-name
AssetImportWorker0
-projectPath
D:/GITHUB/DoodleJump
-logFile
Logs/AssetImportWorker0.log
-srvPort
50747
Successfully changed project path to: D:/GITHUB/DoodleJump
D:/GITHUB/DoodleJump
Using Asset Import Pipeline V2.
Refreshing native plugins compatible for Editor in 29.73 ms, found 1 plugins.
Preloading 0 native plugins for Editor in 0.00 ms.
Initialize engine version: 2020.2.2f1 (068178b99f32)
[Subsystems] Discovering subsystems at path D:/Unity/2020.2.2f1/Editor/Data/Resources/UnitySubsystems
[Subsystems] Discovering subsystems at path D:/GITHUB/DoodleJump/Assets
GfxDevice: creating device client; threaded=0
Direct3D:
    Version:  Direct3D 11.0 [level 11.1]
    Renderer: NVIDIA GeForce GTX 1050 Ti (ID=0x1c82)
    Vendor:   
    VRAM:     4018 MB
    Driver:   27.21.14.5751
Initialize mono
Mono path[0] = 'D:/Unity/2020.2.2f1/Editor/Data/Managed'
Mono path[1] = 'D:/Unity/2020.2.2f1/Editor/Data/MonoBleedingEdge/lib/mono/unityjit'
Mono config path = 'D:/Unity/2020.2.2f1/Editor/Data/MonoBleedingEdge/etc'
Using monoOptions --debugger-agent=transport=dt_socket,embedding=1,server=y,suspend=n,address=127.0.0.1:56400
Begin MonoManager ReloadAssembly
Registering precompiled unity dll's ...
Register platform support module: D:/Unity/2020.2.2f1/Editor/Data/PlaybackEngines/WindowsStandaloneSupport/UnityEditor.WindowsStandalone.Extensions.dll
Registered in 0.000725 seconds.
Native extension for WindowsStandalone target not found
Refreshing native plugins compatible for Editor in 28.56 ms, found 1 plugins.
Preloading 0 native plugins for Editor in 0.00 ms.
Invoked RoslynAnalysisRunner static constructor.
RoslynAnalysisRunner will not be running.
RoslynAnalysisRunner has terminated.
Mono: successfully reloaded assembly
- Completed reload, in  0.666 seconds
Platform modules already initialized, skipping
Registering precompiled user dll's ...
Registered in 0.000532 seconds.
Begin MonoManager ReloadAssembly
Native extension for WindowsStandalone target not found
Refreshing native plugins compatible for Editor in 30.09 ms, found 1 plugins.
Preloading 0 native plugins for Editor in 0.00 ms.
Invoked RoslynAnalysisRunner static constructor.
RoslynAnalysisRunner will not be running.
RoslynAnalysisRunner has terminated.
Mono: successfully reloaded assembly
- Completed reload, in  0.709 seconds
Platform modules already initialized, skipping
========================================================================
Worker process is ready to serve import requests
Launched and connected shader compiler UnityShaderCompiler.exe after 0.04 seconds
Refreshing native plugins compatible for Editor in 0.32 ms, found 1 plugins.
Preloading 0 native plugins for Editor in 0.00 ms.
Unloading 1850 Unused Serialized files (Serialized files now loaded: 0)
System memory in use before: 87.4 MB.
System memory in use after: 87.3 MB.

Unloading 24 unused Assets to reduce memory usage. Loaded Objects now: 2292.
Total: 5.002100 ms (FindLiveObjects: 0.401500 ms CreateObjectMapping: 0.185600 ms MarkObjects: 4.105900 ms  DeleteObjects: 0.302500 ms)

========================================================================
Received Import Request.
  path: Assets/Scenes/Other Scenes
  artifactKey: Guid(9352427327d006141a860d79c1eb43d8) Importer(815301076,1909f56bfc062723c751e8b465ee728b)
Start importing Assets/Scenes/Other Scenes using Guid(9352427327d006141a860d79c1eb43d8) Importer(815301076,1909f56bfc062723c751e8b465ee728b)  -> (artifact id: '3aec075d9b423c26febcb297409141e1') in 0.006902 seconds
  Import took 0.010712 seconds .

========================================================================
Received Import Request.
  Time since last request: 6.618289 seconds.
  path: Assets/Scripts/Platform.cs
  artifactKey: Guid(e11aa85bd85baf249b7fb2110711a224) Importer(815301076,1909f56bfc062723c751e8b465ee728b)
Start importing Assets/Scripts/Platform.cs using Guid(e11aa85bd85baf249b7fb2110711a224) Importer(815301076,1909f56bfc062723c751e8b465ee728b)  -> (artifact id: 'b7d8f434997a695f082108460910750f') in 0.022265 seconds
  Import took 0.024561 seconds .

========================================================================
Received Prepare
Registering precompiled user dll's ...
Registered in 0.000532 seconds.
Begin MonoManager ReloadAssembly
Native extension for WindowsStandalone target not found
Refreshing native plugins compatible for Editor in 0.31 ms, found 1 plugins.
Preloading 0 native plugins for Editor in 0.00 ms.
Invoked RoslynAnalysisRunner static constructor.
RoslynAnalysisRunner will not be running.
RoslynAnalysisRunner has terminated.
Mono: successfully reloaded assembly
- Completed reload, in  0.641 seconds
Platform modules already initialized, skipping
Refreshing native plugins compatible for Editor in 0.32 ms, found 1 plugins.
Preloading 0 native plugins for Editor in 0.00 ms.
Unloading 1831 Unused Serialized files (Serialized files now loaded: 0)
System memory in use before: 86.5 MB.
System memory in use after: 86.5 MB.

Unloading 13 unused Assets to reduce memory usage. Loaded Objects now: 2294.
Total: 1.664400 ms (FindLiveObjects: 0.169600 ms CreateObjectMapping: 0.066100 ms MarkObjects: 1.339400 ms  DeleteObjects: 0.088200 ms)

========================================================================
Received Import Request.
  Time since last request: 13.228018 seconds.
  path: Assets/Scripts/PlayerController.cs
  artifactKey: Guid(eeabaa5ee17f3614b9be804500348437) Importer(815301076,1909f56bfc062723c751e8b465ee728b)
Start importing Assets/Scripts/PlayerController.cs using Guid(eeabaa5ee17f3614b9be804500348437) Importer(815301076,1909f56bfc062723c751e8b465ee728b)  -> (artifact id: '781083d172724143bd837bd112602355') in 0.006758 seconds
  Import took 0.008986 seconds .

========================================================================
Received Import Request.
  Time since last request: 39.074109 seconds.
  path: Assets/Scenes/Other Scenes/SampleScene.unity
  artifactKey: Guid(9fc0d4010bbf28b4594072e72b8655ab) Importer(815301076,1909f56bfc062723c751e8b465ee728b)
Start importing Assets/Scenes/Other Scenes/SampleScene.unity using Guid(9fc0d4010bbf28b4594072e72b8655ab) Importer(815301076,1909f56bfc062723c751e8b465ee728b)  -> (artifact id: '89b82d5aad03f21c839112c5661283af') in 0.011087 seconds
  Import took 0.013492 seconds .

========================================================================
Received Import Request.
  Time since last request: 0.641123 seconds.
  path: Assets/Scenes/Other Scenes/Main.unity
  artifactKey: Guid(ff4e15df049299f4ca2d21665b4d207b) Importer(815301076,1909f56bfc062723c751e8b465ee728b)
Start importing Assets/Scenes/Other Scenes/Main.unity using Guid(ff4e15df049299f4ca2d21665b4d207b) Importer(815301076,1909f56bfc062723c751e8b465ee728b)  -> (artifact id: '0ef3d059aeefdc331e36d800e4369962') in 0.005310 seconds
  Import took 0.007784 seconds .

========================================================================
Received Import Request.
  Time since last request: 15.163741 seconds.
  path: Assets/Scenes/Game.unity
  artifactKey: Guid(4ed7a4e7ead18524fae5571a48250b96) Importer(815301076,1909f56bfc062723c751e8b465ee728b)
Start importing Assets/Scenes/Game.unity using Guid(4ed7a4e7ead18524fae5571a48250b96) Importer(815301076,1909f56bfc062723c751e8b465ee728b)  -> (artifact id: '70deb3d2fd7bdba0fc26b0fa8f97056e') in 0.005312 seconds
  Import took 0.008010 seconds .

========================================================================
Received Import Request.
  Time since last request: 26.068670 seconds.
  path: Assets/Scripts/SaveSystem.cs
  artifactKey: Guid(dd6811aec3811ba4e93cfbafdc336340) Importer(815301076,1909f56bfc062723c751e8b465ee728b)
Start importing Assets/Scripts/SaveSystem.cs using Guid(dd6811aec3811ba4e93cfbafdc336340) Importer(815301076,1909f56bfc062723c751e8b465ee728b)  -> (artifact id: 'e27133d016c83c63ca2dad58a8ade31e') in 0.004796 seconds
  Import took 0.007339 seconds .

========================================================================
Received Import Request.
  Time since last request: 1.474808 seconds.
  path: Assets/Scripts/PlayerData.cs
  artifactKey: Guid(11ae01ef925b4a74bbe6356db38453fe) Importer(815301076,1909f56bfc062723c751e8b465ee728b)
Start importing Assets/Scripts/PlayerData.cs using Guid(11ae01ef925b4a74bbe6356db38453fe) Importer(815301076,1909f56bfc062723c751e8b465ee728b)  -> (artifact id: '12b595f730a883b222263d25cd454438') in 0.005419 seconds
  Import took 0.008118 seconds .

========================================================================
Received Import Request.
  Time since last request: 0.000472 seconds.
  path: Assets/Scripts/PlayerData.cs
  artifactKey: Guid(11ae01ef925b4a74bbe6356db38453fe) Importer(815301076,1909f56bfc062723c751e8b465ee728b)
Start importing Assets/Scripts/PlayerData.cs using Guid(11ae01ef925b4a74bbe6356db38453fe) Importer(815301076,1909f56bfc062723c751e8b465ee728b)  -> (artifact id: '12b595f730a883b222263d25cd454438') in 0.001206 seconds
  Import took 0.003467 seconds .

========================================================================
Received Import Request.
  Time since last request: 8.182612 seconds.
  path: Assets/Scripts/GameManager.cs
  artifactKey: Guid(8683937a91578be498b4e30c91045434) Importer(815301076,1909f56bfc062723c751e8b465ee728b)
Start importing Assets/Scripts/GameManager.cs using Guid(8683937a91578be498b4e30c91045434) Importer(815301076,1909f56bfc062723c751e8b465ee728b)  -> (artifact id: '8f2138c6e299f178a40bade45d641a09') in 0.005399 seconds
  Import took 0.008306 seconds .

========================================================================
Received Import Request.
  Time since last request: 0.001314 seconds.
  path: Assets/Scripts/GameManager.cs
  artifactKey: Guid(8683937a91578be498b4e30c91045434) Importer(815301076,1909f56bfc062723c751e8b465ee728b)
Start importing Assets/Scripts/GameManager.cs using Guid(8683937a91578be498b4e30c91045434) Importer(815301076,1909f56bfc062723c751e8b465ee728b)  -> (artifact id: '8f2138c6e299f178a40bade45d641a09') in 0.001378 seconds
  Import took 0.003707 seconds .

========================================================================
Received Prepare
Registering precompiled user dll's ...
Registered in 0.000548 seconds.
Begin MonoManager ReloadAssembly
Native extension for WindowsStandalone target not found
Refreshing native plugins compatible for Editor in 0.32 ms, found 1 plugins.
Preloading 0 native plugins for Editor in 0.00 ms.
Invoked RoslynAnalysisRunner static constructor.
RoslynAnalysisRunner will not be running.
RoslynAnalysisRunner has terminated.
Mono: successfully reloaded assembly
- Completed reload, in  0.629 seconds
Platform modules already initialized, skipping
Refreshing native plugins compatible for Editor in 0.32 ms, found 1 plugins.
Preloading 0 native plugins for Editor in 0.00 ms.
Unloading 1831 Unused Serialized files (Serialized files now loaded: 0)
System memory in use before: 86.8 MB.
System memory in use after: 86.8 MB.

Unloading 12 unused Assets to reduce memory usage. Loaded Objects now: 2297.
Total: 1.568400 ms (FindLiveObjects: 0.161600 ms CreateObjectMapping: 0.060300 ms MarkObjects: 1.258300 ms  DeleteObjects: 0.087200 ms)

========================================================================
Received Prepare
Registering precompiled user dll's ...
Registered in 0.000519 seconds.
Begin MonoManager ReloadAssembly
Native extension for WindowsStandalone target not found
Refreshing native plugins compatible for Editor in 0.32 ms, found 1 plugins.
Preloading 0 native plugins for Editor in 0.00 ms.
Invoked RoslynAnalysisRunner static constructor.
RoslynAnalysisRunner will not be running.
RoslynAnalysisRunner has terminated.
Mono: successfully reloaded assembly
- Completed reload, in  0.635 seconds
Platform modules already initialized, skipping
Refreshing native plugins compatible for Editor in 0.32 ms, found 1 plugins.
Preloading 0 native plugins for Editor in 0.00 ms.
Unloading 1831 Unused Serialized files (Serialized files now loaded: 0)
System memory in use before: 87.0 MB.
System memory in use after: 87.0 MB.

Unloading 12 unused Assets to reduce memory usage. Loaded Objects now: 2300.
Total: 1.830900 ms (FindLiveObjects: 0.173700 ms CreateObjectMapping: 0.053900 ms MarkObjects: 1.518400 ms  DeleteObjects: 0.084200 ms)

AssetImportWorkerClient::OnTransportError - code=2 error=End of file
